TN:
SF:/home/james/cf2/lab/lab-03/lib/reader.js
FN:9,(anonymous_0)
FN:19,(anonymous_1)
FN:20,(anonymous_2)
FN:31,(anonymous_3)
FN:34,(anonymous_4)
FN:44,(anonymous_5)
FN:54,(anonymous_6)
FNF:7
FNH:7
FNDA:3,(anonymous_0)
FNDA:9,(anonymous_1)
FNDA:9,(anonymous_2)
FNDA:3,(anonymous_3)
FNDA:3,(anonymous_4)
FNDA:3,(anonymous_5)
FNDA:3,(anonymous_6)
DA:3,1
DA:4,1
DA:9,1
DA:10,3
DA:11,3
DA:19,1
DA:20,9
DA:21,9
DA:22,8
DA:31,1
DA:33,3
DA:34,3
DA:35,3
DA:36,0
DA:39,3
DA:40,3
DA:44,3
DA:45,3
DA:46,0
DA:49,3
DA:50,3
DA:54,3
DA:55,3
DA:56,1
DA:59,2
DA:60,2
DA:64,3
LF:27
LH:25
BRDA:21,0,0,1
BRDA:21,0,1,8
BRDA:35,1,0,0
BRDA:35,1,1,3
BRDA:45,2,0,0
BRDA:45,2,1,3
BRDA:55,3,0,1
BRDA:55,3,1,2
BRF:8
BRH:6
end_of_record
